
 Ansys Mechanical Enterprise Academic Research     


 *------------------------------------------------------------------*
 |                                                                  |
 |   W E L C O M E   T O   T H E   A N S Y S (R)  P R O G R A M     |
 |                                                                  |
 *------------------------------------------------------------------*




 ***************************************************************
 *         ANSYS MAPDL 2022 R2          LEGAL NOTICES          *
 ***************************************************************
 *                                                             *
 * Copyright 1971-2022 Ansys, Inc.  All rights reserved.       *
 * Unauthorized use, distribution or duplication is            *
 * prohibited.                                                 *
 *                                                             *
 * Ansys is a registered trademark of Ansys, Inc. or its       *
 * subsidiaries in the United States or other countries.       *
 * See the Ansys, Inc. online documentation or the Ansys, Inc. *
 * documentation CD or online help for the complete Legal      *
 * Notice.                                                     *
 *                                                             *
 ***************************************************************
 *                                                             *
 * THIS ANSYS SOFTWARE PRODUCT AND PROGRAM DOCUMENTATION       *
 * INCLUDE TRADE SECRETS AND CONFIDENTIAL AND PROPRIETARY      *
 * PRODUCTS OF ANSYS, INC., ITS SUBSIDIARIES, OR LICENSORS.    *
 * The software products and documentation are furnished by    *
 * Ansys, Inc. or its subsidiaries under a software license    *
 * agreement that contains provisions concerning               *
 * non-disclosure, copying, length and nature of use,          *
 * compliance with exporting laws, warranties, disclaimers,    *
 * limitations of liability, and remedies, and other           *
 * provisions.  The software products and documentation may be *
 * used, disclosed, transferred, or copied only in accordance  *
 * with the terms and conditions of that software license      *
 * agreement.                                                  *
 *                                                             *
 * Ansys, Inc. is a UL registered                              *
 * ISO 9001:2015 company.                                      *
 *                                                             *
 ***************************************************************
 *                                                             *
 * This product is subject to U.S. laws governing export and   *
 * re-export.                                                  *
 *                                                             *
 * For U.S. Government users, except as specifically granted   *
 * by the Ansys, Inc. software license agreement, the use,     *
 * duplication, or disclosure by the United States Government  *
 * is subject to restrictions stated in the Ansys, Inc.        *
 * software license agreement and FAR 12.212 (for non-DOD      *
 * licenses).                                                  *
 *                                                             *
 ***************************************************************

 2022 R2 
     
 Point Releases and Patches installed:   
     
 ANSYS, Inc. License Manager 2022 R2 
 Discovery 2022 R2   
 SpaceClaim 2022 R2  
 CFX (includes CFD-Post) 2022 R2 
 EnSight 2022 R2 
 Fluent (includes CFD-Post) 2022 R2  
 Polyflow (includes CFD-Post) 2022 R2
 ICEM CFD 2022 R2
 Additive 2022 R2
 Mechanical Products 2022 R2 
 ACIS Geometry Interface 2022 R2 
 AutoCAD Geometry Interface 2022 R2  
 Catia, Version 4 Geometry Interface 2022 R2 
 Catia, Version 5 Geometry Interface 2022 R2 
 Catia, Version 6 Geometry Interface 2022 R2 
 Creo Elements/Direct Modeling Geometry Interface 2022 R2
 Creo Parametric Geometry Interface 2022 R2  
 Inventor Geometry Interface 2022 R2 
 JTOpen Geometry Interface 2022 R2   
 NX Geometry Interface 2022 R2   
 Parasolid Geometry Interface  2022 R2   
 Solid Edge Geometry Interface 2022 R2   
 SOLIDWORKS Geometry Interface 2022 R2   


          *****  MAPDL COMMAND LINE ARGUMENTS  *****
  BATCH MODE REQUESTED (-b)    = NOLIST
  INPUT FILE COPY MODE (-c)    = COPY
  DISTRIBUTED MEMORY PARALLEL REQUESTED
       4 PARALLEL PROCESSES REQUESTED WITH SINGLE THREAD PER PROCESS
    TOTAL OF     4 CORES REQUESTED
  INPUT FILE NAME              = C:\Users\vu9548\Desktop\ANSYS CodeFest\_ProjectScratch\Scr2B51\dummy.dat
  OUTPUT FILE NAME             = C:\Users\vu9548\Desktop\ANSYS CodeFest\_ProjectScratch\Scr2B51\solve.out
  START-UP FILE MODE           = NOREAD
  STOP FILE MODE               = NOREAD

 RELEASE= 2022 R2              BUILD= 22.2      UP20220516   VERSION=WINDOWS x64 
 CURRENT JOBNAME=file0  11:22:11  JUL 27, 2023 CP=      0.031


 PARAMETER _DS_PROGRESS =     999.0000000    

 /INPUT FILE= ds.dat  LINE=       0



 *** NOTE ***                            CP =       0.078   TIME= 11:22:11
 The /CONFIG,NOELDB command is not valid in a distributed memory         
 parallel solution.  Command is ignored.                                 

 *GET  _WALLSTRT  FROM  ACTI  ITEM=TIME WALL  VALUE=  11.3697222    

 TITLE= 
 ANSYS_CodeFest_Examples--Steady-State Thermal (A5)                            

  ACT Extensions:
      LSDYNA, 2022.2
      5f463412-bd3e-484b-87e7-cbc0a665e474, wbex
 /COM,     ANSYSMotion, 2022.2
      20180725-3f81-49eb-9f31-41364844c769, wbex
  

 SET PARAMETER DIMENSIONS ON  _WB_PROJECTSCRATCH_DIR
  TYPE=STRI  DIMENSIONS=      248        1        1

 PARAMETER _WB_PROJECTSCRATCH_DIR(1) = C:\Users\vu9548\Desktop\ANSYS CodeFest\_ProjectScratch\Scr2B51\

 SET PARAMETER DIMENSIONS ON  _WB_SOLVERFILES_DIR
  TYPE=STRI  DIMENSIONS=      248        1        1

 PARAMETER _WB_SOLVERFILES_DIR(1) = C:\Users\vu9548\Desktop\ANSYS CodeFest\ANSYS_CodeFest_Examples_files\dp0\SYS\MECH\

 SET PARAMETER DIMENSIONS ON  _WB_USERFILES_DIR
  TYPE=STRI  DIMENSIONS=      248        1        1

 PARAMETER _WB_USERFILES_DIR(1) = C:\Users\vu9548\Desktop\ANSYS CodeFest\ANSYS_CodeFest_Examples_files\user_files\
 --- Data in consistent NMM units. See Solving Units in the help system for more

 MPA UNITS SPECIFIED FOR INTERNAL    
  LENGTH      = MILLIMETERS (mm)
  MASS        = TONNE (Mg)
  TIME        = SECONDS (sec)
  TEMPERATURE = CELSIUS (C)
  TOFFSET     = 273.0
  FORCE       = NEWTON (N)
  HEAT        = MILLIJOULES (mJ)

 INPUT  UNITS ARE ALSO SET TO MPA 

 *** MAPDL - ENGINEERING ANALYSIS SYSTEM  RELEASE 2022 R2          22.2     ***
 Ansys Mechanical Enterprise Academic Research     
 00000000  VERSION=WINDOWS x64   11:22:11  JUL 27, 2023 CP=      0.078

 ANSYS_CodeFest_Examples--Steady-State Thermal (A5)                            



          ***** MAPDL ANALYSIS DEFINITION (PREP7) *****
 *********** Nodes for the whole assembly ***********
 *********** Elements for Body 1 "Solid" ***********
 *********** Send User Defined Coordinate System(s) ***********
 *********** Send Materials ***********
 *********** Define Temperature Constraint ***********
 *********** Define Temperature Constraint ***********
 ***************** Define Uniform Initial temperature ***************


 ***** ROUTINE COMPLETED *****  CP =         0.109


 --- Number of total nodes = 20900
 --- Number of contact elements = 0
 --- Number of spring elements = 0
 --- Number of bearing elements = 0
 --- Number of solid elements = 4312
 --- Number of condensed parts = 0
 --- Number of total elements = 4312

 *GET  _WALLBSOL  FROM  ACTI  ITEM=TIME WALL  VALUE=  11.3697222    
 ****************************************************************************
 *************************    SOLUTION       ********************************
 ****************************************************************************

 *****  MAPDL SOLUTION ROUTINE  *****


 PERFORM A STATIC ANALYSIS
  THIS WILL BE A NEW ANALYSIS

 CONTACT INFORMATION PRINTOUT LEVEL       1

 DO NOT SAVE ANY RESTART FILES AT ALL

 DO NOT COMBINE ELEMENT MATRIX FILES (.emat) AFTER DISTRIBUTED PARALLEL SOLUTION

 DO NOT COMBINE ELEMENT SAVE DATA FILES (.esav) AFTER DISTRIBUTED PARALLEL SOLUTION
 ****************************************************
 ******************* SOLVE FOR LS 1 OF 1 ****************

 SPECIFIED CONSTRAINT TEMP FOR PICKED NODES 
 REAL=  22.0000000       IMAG=  0.00000000    

 SPECIFIED CONSTRAINT TEMP FOR PICKED NODES 
 REAL=  100.000000       IMAG=  0.00000000    

 PRINTOUT RESUMED BY /GOP

 USE AUTOMATIC TIME STEPPING THIS LOAD STEP

 USE       1 SUBSTEPS INITIALLY THIS LOAD STEP FOR ALL  DEGREES OF FREEDOM
 FOR AUTOMATIC TIME STEPPING:
   USE     10 SUBSTEPS AS A MAXIMUM
   USE      1 SUBSTEPS AS A MINIMUM

 TIME=  1.0000    

 ERASE THE CURRENT DATABASE OUTPUT CONTROL TABLE.


 WRITE ALL  ITEMS TO THE DATABASE WITH A FREQUENCY OF NONE
   FOR ALL APPLICABLE ENTITIES

 WRITE NSOL ITEMS TO THE DATABASE WITH A FREQUENCY OF ALL 
   FOR ALL APPLICABLE ENTITIES

 WRITE RSOL ITEMS TO THE DATABASE WITH A FREQUENCY OF ALL 
   FOR ALL APPLICABLE ENTITIES

 WRITE EANG ITEMS TO THE DATABASE WITH A FREQUENCY OF ALL 
   FOR ALL APPLICABLE ENTITIES

 WRITE VENG ITEMS TO THE DATABASE WITH A FREQUENCY OF ALL 
   FOR ALL APPLICABLE ENTITIES

 WRITE FFLU ITEMS TO THE DATABASE WITH A FREQUENCY OF ALL 
   FOR ALL APPLICABLE ENTITIES

 WRITE CONT ITEMS TO THE DATABASE WITH A FREQUENCY OF ALL 
   FOR ALL APPLICABLE ENTITIES

 CONVERGENCE ON HEAT BASED ON THE NORM OF THE N-R LOAD
   WITH A TOLERANCE OF 0.1000E-02 AND A MINIMUM REFERENCE VALUE OF 0.1000E-02
   USING THE L2 NORM (CHECK THE SRSS VALUE)

 *GET  ANSINTER_  FROM  ACTI  ITEM=INT        VALUE=  0.00000000    

 *IF  ANSINTER_                         ( =   0.00000     )  NE  
      0                                 ( =   0.00000     )  THEN    

 *ENDIF

 *** NOTE ***                            CP =       0.156   TIME= 11:22:11
 The automatic domain decomposition logic has selected the MESH domain   
 decomposition method with 4 processes per solution.                     

 *****  MAPDL SOLVE    COMMAND  *****

 *** WARNING ***                         CP =       0.156   TIME= 11:22:11
 Element shape checking is currently inactive.  Issue SHPP,ON or         
 SHPP,WARN to reactivate, if desired.                                    

 *** NOTE ***                            CP =       0.156   TIME= 11:22:11
 The model data was checked and warning messages were found.             
  Please review output or errors file ( C:\Users\vu9548\Desktop\ANSYS    
 CodeFest\_ProjectScratch\Scr2B51\file0.err ) for these warning          
 messages.                                                               

 *** MAPDL - ENGINEERING ANALYSIS SYSTEM  RELEASE 2022 R2          22.2     ***
 Ansys Mechanical Enterprise Academic Research     
 00000000  VERSION=WINDOWS x64   11:22:11  JUL 27, 2023 CP=      0.156

 ANSYS_CodeFest_Examples--Steady-State Thermal (A5)                            



                       S O L U T I O N   O P T I O N S

   PROBLEM DIMENSIONALITY. . . . . . . . . . . . .3-D                  
   DEGREES OF FREEDOM. . . . . . TEMP
   ANALYSIS TYPE . . . . . . . . . . . . . . . . .STATIC (STEADY-STATE)
   OFFSET TEMPERATURE FROM ABSOLUTE ZERO . . . . .  273.15    
   GLOBALLY ASSEMBLED MATRIX . . . . . . . . . . .SYMMETRIC  

 *** NOTE ***                            CP =       0.156   TIME= 11:22:11
 The conditions for direct assembly have been met.  No .emat or .erot    
 files will be produced.                                                 

  
  
     D I S T R I B U T E D   D O M A I N   D E C O M P O S E R
  
  ...Number of elements: 4312
  ...Number of nodes:    20900
  ...Decompose to 4 CPU domains
  ...Element load balance ratio =     1.000


                      L O A D   S T E P   O P T I O N S

   LOAD STEP NUMBER. . . . . . . . . . . . . . . .     1
   TIME AT END OF THE LOAD STEP. . . . . . . . . .  1.0000    
   AUTOMATIC TIME STEPPING . . . . . . . . . . . .    ON
      INITIAL NUMBER OF SUBSTEPS . . . . . . . . .     1
      MAXIMUM NUMBER OF SUBSTEPS . . . . . . . . .    10
      MINIMUM NUMBER OF SUBSTEPS . . . . . . . . .     1
   STEP CHANGE BOUNDARY CONDITIONS . . . . . . . .    NO
   PRINT OUTPUT CONTROLS . . . . . . . . . . . . .NO PRINTOUT
   DATABASE OUTPUT CONTROLS
      ITEM     FREQUENCY   COMPONENT
       ALL       NONE               
      NSOL        ALL               
      RSOL        ALL               
      EANG        ALL               
      VENG        ALL               
      FFLU        ALL               
      CONT        ALL               


 SOLUTION MONITORING INFO IS WRITTEN TO FILE= file.mntr                                                                                                                                                                                                                                                           




            **** CENTER OF MASS, MASS, AND MASS MOMENTS OF INERTIA ****

  CALCULATIONS ASSUME ELEMENT MASS AT ELEMENT CENTROID

  TOTAL MASS =  0.21902E-03

                           MOM. OF INERTIA         MOM. OF INERTIA
  CENTER OF MASS            ABOUT ORIGIN        ABOUT CENTER OF MASS

  XC =   8.0000          IXX =   0.7850          IXX =   0.1957    
  YC =   13.801          IYY =   0.7489          IYY =   0.1873    
  ZC =   50.000          IZZ =   0.7561E-01      IZZ =   0.1987E-01
                         IXY =  -0.2418E-01      IXY =   0.3331E-06
                         IYZ =  -0.1511          IYZ =   0.9002E-16
                         IZX =  -0.8761E-01      IZX =   0.1410E-15


  *** MASS SUMMARY BY ELEMENT TYPE ***

  TYPE      MASS
     1  0.219015E-03

 Range of element maximum matrix coefficients in global coordinates
 Maximum = 574.46697 at element 1766.                                    
 Minimum = 345.759333 at element 3811.                                   

   *** ELEMENT MATRIX FORMULATION TIMES
     TYPE    NUMBER   ENAME      TOTAL CP  AVE CP

        1      4312  SOLID279      0.094   0.000022
 Time at end of element matrix formulation CP = 0.28125.                 

 DISTRIBUTED SPARSE MATRIX DIRECT SOLVER.
  Number of equations =       18804,    Maximum wavefront =     80

  Process memory allocated for solver              =    15.064 MB
  Process memory required for in-core solution     =    14.469 MB
  Process memory required for out-of-core solution =     8.326 MB

  Total memory allocated for solver                =    75.475 MB
  Total memory required for in-core solution       =    72.371 MB
  Total memory required for out-of-core solution   =    36.682 MB

 *** NOTE ***                            CP =       0.438   TIME= 11:22:12
 The Distributed Sparse Matrix Solver is currently running in the        
 in-core memory mode.  This memory mode uses the most amount of memory   
 in order to avoid using the hard drive as much as possible, which most  
 often results in the fastest solution time.  This mode is recommended   
 if enough physical memory is present to accommodate all of the solver   
 data.                                                                   
 Distributed sparse solver maximum pivot= 2297.86787 at node 11384 TEMP. 
 Distributed sparse solver minimum pivot= 114.310475 at node 19318 TEMP. 
 Distributed sparse solver minimum pivot in absolute value= 114.310475   
 at node 19318 TEMP.                                                     

   *** ELEMENT RESULT CALCULATION TIMES
     TYPE    NUMBER   ENAME      TOTAL CP  AVE CP

        1      4312  SOLID279      0.031   0.000007

   *** NODAL LOAD CALCULATION TIMES
     TYPE    NUMBER   ENAME      TOTAL CP  AVE CP

        1      4312  SOLID279      0.016   0.000004
 *** LOAD STEP     1   SUBSTEP     1  COMPLETED.    CUM ITER =      1
 *** TIME =   1.00000         TIME INC =   1.00000      NEW TRIANG MATRIX


 *** MAPDL BINARY FILE STATISTICS
  BUFFER SIZE USED= 16384
        0.438 MB WRITTEN ON ELEMENT SAVED DATA FILE: file0.esav
        2.562 MB WRITTEN ON ASSEMBLED MATRIX FILE: file0.full
        1.250 MB WRITTEN ON RESULTS FILE: file0.rth
 *************** Write FE CONNECTORS *********

 WRITE OUT CONSTRAINT EQUATIONS TO FILE= file.ce                                                                                                                                                                                                                                                             
 ****************************************************
 *************** FINISHED SOLVE FOR LS 1 *************

 *GET  _WALLASOL  FROM  ACTI  ITEM=TIME WALL  VALUE=  11.3700000    

 FINISH SOLUTION PROCESSING


 ***** ROUTINE COMPLETED *****  CP =         0.578



 *** MAPDL - ENGINEERING ANALYSIS SYSTEM  RELEASE 2022 R2          22.2     ***
 Ansys Mechanical Enterprise Academic Research     
 00000000  VERSION=WINDOWS x64   11:22:12  JUL 27, 2023 CP=      0.578

 ANSYS_CodeFest_Examples--Steady-State Thermal (A5)                            



          ***** MAPDL RESULTS INTERPRETATION (POST1) *****

 *** NOTE ***                            CP =       0.578   TIME= 11:22:12
 Reading results into the database (SET command) will update the current 
 displacement and force boundary conditions in the database with the     
 values from the results file for that load set.  Note that any          
 subsequent solutions will use these values unless action is taken to    
 either SAVE the current values or not overwrite them (/EXIT,NOSAVE).    

 Set Encoding of XML File to:ISO-8859-1

 Set Output of XML File to:
     PARM,     ,     ,     ,     ,     ,     ,     ,     ,     ,     ,     ,
         ,     ,     ,     ,     ,     ,     ,

 DATABASE WRITTEN ON FILE  parm.xml                                                                                                                                                                                                                                                            

 EXIT THE MAPDL POST1 DATABASE PROCESSOR


 ***** ROUTINE COMPLETED *****  CP =         0.578



 PRINTOUT RESUMED BY /GOP

 *GET  _WALLDONE  FROM  ACTI  ITEM=TIME WALL  VALUE=  11.3700000    

 PARAMETER _PREPTIME =     0.000000000    

 PARAMETER _SOLVTIME =     1.000000000    

 PARAMETER _POSTTIME =     0.000000000    

 PARAMETER _TOTALTIM =     1.000000000    

 *GET  _DLBRATIO  FROM  ACTI  ITEM=SOLU DLBR  VALUE=  1.00000000    

 *GET  _COMBTIME  FROM  ACTI  ITEM=SOLU COMB  VALUE= 0.507507000E-01

 *GET  _SSMODE   FROM  ACTI  ITEM=SOLU SSMM  VALUE=  2.00000000    

 *GET  _NDOFS    FROM  ACTI  ITEM=SOLU NDOF  VALUE=  18804.0000    

 /FCLEAN COMMAND REMOVING ALL LOCAL FILES
 --- Total number of nodes = 20900
 --- Total number of elements = 4312
 --- Element load balance ratio = 1
 --- Time to combine distributed files = 5.07507E-02
 --- Sparse memory mode = 2
 --- Number of DOF = 18804

 EXIT MAPDL WITHOUT SAVING DATABASE


 NUMBER OF WARNING MESSAGES ENCOUNTERED=          1
 NUMBER OF ERROR   MESSAGES ENCOUNTERED=          0

+--------------------- M A P D L   S T A T I S T I C S ------------------------+

Release: 2022 R2            Build: 22.2       Update: UP20220516   Platform: WINDOWS x64 
Date Run: 07/27/2023   Time: 11:22     Process ID: 21596
Operating System: Windows 10  (Build: 22621)

Processor Model: 12th Gen Intel(R) Core(TM) i7-1255U

Compiler: Intel(R) Fortran Compiler Version 19.0.5  (Build: 20190815)
          Intel(R) C/C++ Compiler Version 19.0.5  (Build: 20190815)
          Intel(R) Math Kernel Library Version 2020.0.0 Product Build 20191125
          BLAS Library supplied by Intel(R) MKL

Number of machines requested            :    1
Total number of cores available         :   12
Number of physical cores available      :   10
Number of processes requested           :    4
Number of threads per process requested :    1
Total number of cores requested         :    4 (Distributed Memory Parallel)               
MPI Type: INTELMPI
MPI Version: Intel(R) MPI Library 2021.5 for Windows* OS


GPU Acceleration: Not Requested

Job Name: file0
Input File: dummy.dat

  Core                Machine Name   Working Directory
 -----------------------------------------------------
     0                  INR-LAP319   C:\Users\vu9548\Desktop\ANSYS CodeFest\_ProjectScratch\Scr2B51
     1                  INR-LAP319   C:\Users\vu9548\Desktop\ANSYS CodeFest\_ProjectScratch\Scr2B51
     2                  INR-LAP319   C:\Users\vu9548\Desktop\ANSYS CodeFest\_ProjectScratch\Scr2B51
     3                  INR-LAP319   C:\Users\vu9548\Desktop\ANSYS CodeFest\_ProjectScratch\Scr2B51
 
Latency time from master to core     1 =    2.528 microseconds
Latency time from master to core     2 =    4.823 microseconds
Latency time from master to core     3 =    5.192 microseconds
 
Communication speed from master to core     1 = 10090.94 MB/sec
Communication speed from master to core     2 =  8081.46 MB/sec
Communication speed from master to core     3 =  8277.12 MB/sec

Total CPU time for main thread                    :        0.5 seconds
Total CPU time summed for all threads             :        0.9 seconds

Elapsed time spent obtaining a license            :        0.3 seconds
Elapsed time spent pre-processing model (/PREP7)  :        0.0 seconds
Elapsed time spent solution - preprocessing       :        0.0 seconds
Elapsed time spent computing solution             :        0.5 seconds
Elapsed time spent solution - postprocessing      :        0.1 seconds
Elapsed time spent post-processing model (/POST1) :        0.0 seconds
 
Equation solver used                              :            Sparse (symmetric)
Equation solver computational rate                :       20.6 Gflops

Sum of memory used on all processes               :      560.0 MB
Sum of memory allocated on all processes          :     5184.0 MB
Physical memory available                         :         16 GB

Total amount of I/O written to disk               :        0.0 GB
Total amount of I/O read from disk                :        0.0 GB

+------------------ E N D   M A P D L   S T A T I S T I C S -------------------+


 *---------------------------------------------------------------------------*
 |                                                                           |
 |                               RUN COMPLETED                               |
 |                                                                           |
 |---------------------------------------------------------------------------|
 |                                                                           |
 |  Ansys MAPDL 2022 R2         Build 22.2         UP20220516    WINDOWS x64 |
 |                                                                           |
 |---------------------------------------------------------------------------|
 |                                                                           |
 | Database Requested(-db)  1024 MB    Scratch Memory Requested      1024 MB |
 | Maximum Database Used      11 MB    Maximum Scratch Memory Used    140 MB |
 |                                                                           |
 |---------------------------------------------------------------------------|
 |                                                                           |
 |        CP Time      (sec) =          0.891       Time  =  11:22:13        |
 |        Elapsed Time (sec) =          3.000       Date  =  07/27/2023      |
 |                                                                           |
 *---------------------------------------------------------------------------*
